CG_Demo.obj : error LNK2019: unresolved external symbol __imp_glutInitWindowPosition referenced in function main
CG_Demo.obj : error LNK2019: unresolved external symbol __imp_glutInitWindowSize referenced in function main
CG_Demo.obj : error LNK2019: unresolved external symbol __imp_glutInitDisplayMode referenced in function main
CG_Demo.obj : error LNK2019: unresolved external symbol __imp_glutMainLoop referenced in function main
CG_Demo.obj : error LNK2019: unresolved external symbol __imp_glutPostRedisplay referenced in function "void __cdecl idle(void)" (?idle@@YAXXZ)
CG_Demo.obj : error LNK2019: unresolved external symbol __imp_glutSwapBuffers referenced in function "void __cdecl display(void)" (?display@@YAXXZ)
CG_Demo.obj : error LNK2019: unresolved external symbol __imp_glutIdleFunc referenced in function main
CG_Demo.obj : error LNK2019: unresolved external symbol __imp_glutKeyboardFunc referenced in function main
CG_Demo.obj : error LNK2019: unresolved external symbol __imp_glutSpecialFunc referenced in function main
CG_Demo.obj : error LNK2019: unresolved external symbol __imp_glutReshapeFunc referenced in function main
CG_Demo.obj : error LNK2019: unresolved external symbol __imp_glutDisplayFunc referenced in function main
CG_Demo.obj : error LNK2019: unresolved external symbol __imp_glutMouseFunc referenced in function main
CG_Demo.obj : error LNK2019: unresolved external symbol __imp_glutMotionFunc referenced in function main
CG_Demo.obj : error LNK2019: unresolved external symbol __imp_glutGet referenced in function "void __cdecl idle(void)" (?idle@@YAXXZ)
CG_Demo.obj : error LNK2019: unresolved external symbol __imp_glutGetModifiers referenced in function "void __cdecl mouse(int,int,int,int)" (?mouse@@YAXHHHH@Z)
CG_Demo.obj : error LNK2019: unresolved external symbol __imp_glutBitmapCharacter referenced in function "void __cdecl displayText(int,int,char *)" (?displayText@@YAXHHPEAD@Z)
CG_Demo.obj : error LNK2019: unresolved external symbol __imp___glutInitWithExit referenced in function glutInit_ATEXIT_HACK
CG_Demo.obj : error LNK2019: unresolved external symbol __imp___glutCreateWindowWithExit referenced in function glutCreateWindow_ATEXIT_HACK
World.obj : error LNK2019: unresolved external symbol __imp_glutSolidSphere referenced in function "public: void __cdecl World::draw(void)" (?draw@World@@QEAAXXZ)
C:\Users\carlo\Desktop\sistemaSolar\CG_Demo\/lib\freeglut.lib : warning LNK4272: library machine type 'x86' conflicts with target machine type 'x64'
C:\Users\carlo\Desktop\sistemaSolar\x64\Debug\CG_Demo.exe : fatal error LNK1120: 19 unresolved externals
