  World.cpp
c:\users\carlo\desktop\graficas\sistemasolar\cg_demo\source\world.cpp(8): warning C4305: 'initializing': truncation from 'double' to 'float'
c:\users\carlo\desktop\graficas\sistemasolar\cg_demo\source\world.cpp(40): warning C4244: 'initializing': conversion from 'double' to 'float', possible loss of data
c:\users\carlo\desktop\graficas\sistemasolar\cg_demo\source\world.cpp(42): warning C4244: 'argument': conversion from 'double' to 'GLfloat', possible loss of data
c:\users\carlo\desktop\graficas\sistemasolar\cg_demo\source\world.cpp(48): warning C4244: 'argument': conversion from 'double' to 'GLfloat', possible loss of data
c:\users\carlo\desktop\graficas\sistemasolar\cg_demo\source\world.cpp(56): warning C4244: 'initializing': conversion from 'double' to 'float', possible loss of data
c:\users\carlo\desktop\graficas\sistemasolar\cg_demo\source\world.cpp(58): warning C4244: 'argument': conversion from 'double' to 'GLfloat', possible loss of data
c:\users\carlo\desktop\graficas\sistemasolar\cg_demo\source\world.cpp(64): warning C4244: 'argument': conversion from 'double' to 'GLfloat', possible loss of data
c:\users\carlo\desktop\graficas\sistemasolar\cg_demo\source\world.cpp(73): warning C4244: 'initializing': conversion from 'double' to 'float', possible loss of data
c:\users\carlo\desktop\graficas\sistemasolar\cg_demo\source\world.cpp(75): warning C4244: 'argument': conversion from 'double' to 'GLfloat', possible loss of data
c:\users\carlo\desktop\graficas\sistemasolar\cg_demo\source\world.cpp(81): warning C4244: 'argument': conversion from 'double' to 'GLfloat', possible loss of data
c:\users\carlo\desktop\graficas\sistemasolar\cg_demo\source\world.cpp(90): warning C4244: 'argument': conversion from 'double' to 'GLfloat', possible loss of data
c:\users\carlo\desktop\graficas\sistemasolar\cg_demo\source\world.cpp(104): warning C4244: 'initializing': conversion from 'double' to 'float', possible loss of data
c:\users\carlo\desktop\graficas\sistemasolar\cg_demo\source\world.cpp(106): warning C4244: 'argument': conversion from 'double' to 'GLfloat', possible loss of data
c:\users\carlo\desktop\graficas\sistemasolar\cg_demo\source\world.cpp(112): warning C4244: 'argument': conversion from 'double' to 'GLfloat', possible loss of data
c:\users\carlo\desktop\graficas\sistemasolar\cg_demo\source\world.cpp(121): warning C4244: 'initializing': conversion from 'double' to 'float', possible loss of data
c:\users\carlo\desktop\graficas\sistemasolar\cg_demo\source\world.cpp(123): warning C4244: 'argument': conversion from 'double' to 'GLfloat', possible loss of data
c:\users\carlo\desktop\graficas\sistemasolar\cg_demo\source\world.cpp(130): warning C4244: 'argument': conversion from 'double' to 'GLfloat', possible loss of data
c:\users\carlo\desktop\graficas\sistemasolar\cg_demo\source\world.cpp(139): warning C4244: 'initializing': conversion from 'double' to 'float', possible loss of data
c:\users\carlo\desktop\graficas\sistemasolar\cg_demo\source\world.cpp(141): warning C4244: 'argument': conversion from 'double' to 'GLfloat', possible loss of data
c:\users\carlo\desktop\graficas\sistemasolar\cg_demo\source\world.cpp(147): warning C4244: 'argument': conversion from 'double' to 'GLfloat', possible loss of data
c:\users\carlo\desktop\graficas\sistemasolar\cg_demo\source\world.cpp(156): warning C4244: 'initializing': conversion from 'double' to 'float', possible loss of data
c:\users\carlo\desktop\graficas\sistemasolar\cg_demo\source\world.cpp(158): warning C4244: 'argument': conversion from 'double' to 'GLfloat', possible loss of data
c:\users\carlo\desktop\graficas\sistemasolar\cg_demo\source\world.cpp(165): warning C4244: 'argument': conversion from 'double' to 'GLfloat', possible loss of data
c:\users\carlo\desktop\graficas\sistemasolar\cg_demo\source\world.cpp(173): warning C4244: 'initializing': conversion from 'double' to 'float', possible loss of data
c:\users\carlo\desktop\graficas\sistemasolar\cg_demo\source\world.cpp(175): warning C4244: 'argument': conversion from 'double' to 'GLfloat', possible loss of data
c:\users\carlo\desktop\graficas\sistemasolar\cg_demo\source\world.cpp(182): warning C4244: 'argument': conversion from 'double' to 'GLfloat', possible loss of data
c:\users\carlo\desktop\graficas\sistemasolar\cg_demo\source\world.cpp(206): warning C4305: '+=': truncation from 'double' to 'float'
c:\users\carlo\desktop\graficas\sistemasolar\cg_demo\source\world.cpp(207): warning C4305: '+=': truncation from 'double' to 'float'
c:\users\carlo\desktop\graficas\sistemasolar\cg_demo\source\world.cpp(208): warning C4244: '=': conversion from 'double' to 'float', possible loss of data
c:\users\carlo\desktop\graficas\sistemasolar\cg_demo\source\world.cpp(209): warning C4244: '=': conversion from 'double' to 'float', possible loss of data
  vecs.cpp
c:\users\carlo\desktop\graficas\sistemasolar\cg_demo\source\vecs.cpp(44): warning C4244: '=': conversion from 'double' to 'float', possible loss of data
  glmimg.cpp
c:\users\carlo\desktop\graficas\sistemasolar\cg_demo\source\glmimg.cpp(143): warning C4244: '=': conversion from 'int' to 'GLfloat', possible loss of data
c:\users\carlo\desktop\graficas\sistemasolar\cg_demo\source\glmimg.cpp(144): warning C4244: '=': conversion from 'int' to 'GLfloat', possible loss of data
c:\users\carlo\desktop\graficas\sistemasolar\cg_demo\source\glmimg.cpp(25): warning C4101: 'ixPow2': unreferenced local variable
c:\users\carlo\desktop\graficas\sistemasolar\cg_demo\source\glmimg.cpp(24): warning C4101: 'yPow2': unreferenced local variable
c:\users\carlo\desktop\graficas\sistemasolar\cg_demo\source\glmimg.cpp(23): warning C4101: 'rdata': unreferenced local variable
c:\users\carlo\desktop\graficas\sistemasolar\cg_demo\source\glmimg.cpp(25): warning C4101: 'iyPow2': unreferenced local variable
c:\users\carlo\desktop\graficas\sistemasolar\cg_demo\source\glmimg.cpp(27): warning C4101: 'retval': unreferenced local variable
c:\users\carlo\desktop\graficas\sistemasolar\cg_demo\source\glmimg.cpp(24): warning C4101: 'xPow2': unreferenced local variable
  glm.cpp
c:\users\carlo\desktop\graficas\sistemasolar\cg_demo\source\glm.cpp(191): warning C4996: 'strdup': The POSIX name for this item is deprecated. Instead, use the ISO C and C++ conformant name: _strdup. See online help for details.
  c:\program files (x86)\windows kits\10\include\10.0.15063.0\ucrt\string.h(538): note: see declaration of 'strdup'
c:\users\carlo\desktop\graficas\sistemasolar\cg_demo\source\glm.cpp(236): warning C4996: 'strdup': The POSIX name for this item is deprecated. Instead, use the ISO C and C++ conformant name: _strdup. See online help for details.
  c:\program files (x86)\windows kits\10\include\10.0.15063.0\ucrt\string.h(538): note: see declaration of 'strdup'
c:\users\carlo\desktop\graficas\sistemasolar\cg_demo\source\glm.cpp(261): warning C4996: 'sprintf': This function or variable may be unsafe. Consider using sprintf_s instead. To disable deprecation, use _CRT_SECURE_NO_WARNINGS. See online help for details.
  c:\program files (x86)\windows kits\10\include\10.0.15063.0\ucrt\stdio.h(1772): note: see declaration of 'sprintf'
c:\users\carlo\desktop\graficas\sistemasolar\cg_demo\source\glm.cpp(268): warning C4996: 'strcpy': This function or variable may be unsafe. Consider using strcpy_s instead. To disable deprecation, use _CRT_SECURE_NO_WARNINGS. See online help for details.
  c:\program files (x86)\windows kits\10\include\10.0.15063.0\ucrt\string.h(136): note: see declaration of 'strcpy'
c:\users\carlo\desktop\graficas\sistemasolar\cg_demo\source\glm.cpp(275): warning C4996: 'strcpy': This function or variable may be unsafe. Consider using strcpy_s instead. To disable deprecation, use _CRT_SECURE_NO_WARNINGS. See online help for details.
  c:\program files (x86)\windows kits\10\include\10.0.15063.0\ucrt\string.h(136): note: see declaration of 'strcpy'
c:\users\carlo\desktop\graficas\sistemasolar\cg_demo\source\glm.cpp(277): warning C4996: 'strcat': This function or variable may be unsafe. Consider using strcat_s instead. To disable deprecation, use _CRT_SECURE_NO_WARNINGS. See online help for details.
  c:\program files (x86)\windows kits\10\include\10.0.15063.0\ucrt\string.h(93): note: see declaration of 'strcat'
c:\users\carlo\desktop\graficas\sistemasolar\cg_demo\source\glm.cpp(286): warning C4996: 'strdup': The POSIX name for this item is deprecated. Instead, use the ISO C and C++ conformant name: _strdup. See online help for details.
  c:\program files (x86)\windows kits\10\include\10.0.15063.0\ucrt\string.h(538): note: see declaration of 'strdup'
c:\users\carlo\desktop\graficas\sistemasolar\cg_demo\source\glm.cpp(358): warning C4305: '=': truncation from 'double' to 'GLfloat'
c:\users\carlo\desktop\graficas\sistemasolar\cg_demo\source\glm.cpp(359): warning C4305: '=': truncation from 'double' to 'GLfloat'
c:\users\carlo\desktop\graficas\sistemasolar\cg_demo\source\glm.cpp(360): warning C4305: '=': truncation from 'double' to 'GLfloat'
c:\users\carlo\desktop\graficas\sistemasolar\cg_demo\source\glm.cpp(362): warning C4305: '=': truncation from 'double' to 'GLfloat'
c:\users\carlo\desktop\graficas\sistemasolar\cg_demo\source\glm.cpp(363): warning C4305: '=': truncation from 'double' to 'GLfloat'
c:\users\carlo\desktop\graficas\sistemasolar\cg_demo\source\glm.cpp(364): warning C4305: '=': truncation from 'double' to 'GLfloat'
c:\users\carlo\desktop\graficas\sistemasolar\cg_demo\source\glm.cpp(317): warning C4996: 'strcpy': This function or variable may be unsafe. Consider using strcpy_s instead. To disable deprecation, use _CRT_SECURE_NO_WARNINGS. See online help for details.
  c:\program files (x86)\windows kits\10\include\10.0.15063.0\ucrt\string.h(136): note: see declaration of 'strcpy'
c:\users\carlo\desktop\graficas\sistemasolar\cg_demo\source\glm.cpp(318): warning C4996: 'strcat': This function or variable may be unsafe. Consider using strcat_s instead. To disable deprecation, use _CRT_SECURE_NO_WARNINGS. See online help for details.
  c:\program files (x86)\windows kits\10\include\10.0.15063.0\ucrt\string.h(93): note: see declaration of 'strcat'
c:\users\carlo\desktop\graficas\sistemasolar\cg_demo\source\glm.cpp(321): warning C4996: 'fopen': This function or variable may be unsafe. Consider using fopen_s instead. To disable deprecation, use _CRT_SECURE_NO_WARNINGS. See online help for details.
  c:\program files (x86)\windows kits\10\include\10.0.15063.0\ucrt\stdio.h(207): note: see declaration of 'fopen'
c:\users\carlo\desktop\graficas\sistemasolar\cg_demo\source\glm.cpp(331): warning C4996: 'fscanf': This function or variable may be unsafe. Consider using fscanf_s instead. To disable deprecation, use _CRT_SECURE_NO_WARNINGS. See online help for details.
  c:\program files (x86)\windows kits\10\include\10.0.15063.0\ucrt\stdio.h(1195): note: see declaration of 'fscanf'
c:\users\carlo\desktop\graficas\sistemasolar\cg_demo\source\glm.cpp(340): warning C4996: 'sscanf': This function or variable may be unsafe. Consider using sscanf_s instead. To disable deprecation, use _CRT_SECURE_NO_WARNINGS. See online help for details.
  c:\program files (x86)\windows kits\10\include\10.0.15063.0\ucrt\stdio.h(2260): note: see declaration of 'sscanf'
c:\users\carlo\desktop\graficas\sistemasolar\cg_demo\source\glm.cpp(372): warning C4996: 'strdup': The POSIX name for this item is deprecated. Instead, use the ISO C and C++ conformant name: _strdup. See online help for details.
  c:\program files (x86)\windows kits\10\include\10.0.15063.0\ucrt\string.h(538): note: see declaration of 'strdup'
c:\users\carlo\desktop\graficas\sistemasolar\cg_demo\source\glm.cpp(376): warning C4996: 'fscanf': This function or variable may be unsafe. Consider using fscanf_s instead. To disable deprecation, use _CRT_SECURE_NO_WARNINGS. See online help for details.
  c:\program files (x86)\windows kits\10\include\10.0.15063.0\ucrt\stdio.h(1195): note: see declaration of 'fscanf'
c:\users\carlo\desktop\graficas\sistemasolar\cg_demo\source\glm.cpp(384): warning C4996: 'sscanf': This function or variable may be unsafe. Consider using sscanf_s instead. To disable deprecation, use _CRT_SECURE_NO_WARNINGS. See online help for details.
  c:\program files (x86)\windows kits\10\include\10.0.15063.0\ucrt\stdio.h(2260): note: see declaration of 'sscanf'
c:\users\carlo\desktop\graficas\sistemasolar\cg_demo\source\glm.cpp(386): warning C4996: 'strdup': The POSIX name for this item is deprecated. Instead, use the ISO C and C++ conformant name: _strdup. See online help for details.
  c:\program files (x86)\windows kits\10\include\10.0.15063.0\ucrt\string.h(538): note: see declaration of 'strdup'
c:\users\carlo\desktop\graficas\sistemasolar\cg_demo\source\glm.cpp(390): warning C4996: 'fscanf': This function or variable may be unsafe. Consider using fscanf_s instead. To disable deprecation, use _CRT_SECURE_NO_WARNINGS. See online help for details.
  c:\program files (x86)\windows kits\10\include\10.0.15063.0\ucrt\stdio.h(1195): note: see declaration of 'fscanf'
c:\users\carlo\desktop\graficas\sistemasolar\cg_demo\source\glm.cpp(398): warning C4996: 'fscanf': This function or variable may be unsafe. Consider using fscanf_s instead. To disable deprecation, use _CRT_SECURE_NO_WARNINGS. See online help for details.
  c:\program files (x86)\windows kits\10\include\10.0.15063.0\ucrt\stdio.h(1195): note: see declaration of 'fscanf'
c:\users\carlo\desktop\graficas\sistemasolar\cg_demo\source\glm.cpp(404): warning C4996: 'fscanf': This function or variable may be unsafe. Consider using fscanf_s instead. To disable deprecation, use _CRT_SECURE_NO_WARNINGS. See online help for details.
  c:\program files (x86)\windows kits\10\include\10.0.15063.0\ucrt\stdio.h(1195): note: see declaration of 'fscanf'
c:\users\carlo\desktop\graficas\sistemasolar\cg_demo\source\glm.cpp(410): warning C4996: 'fscanf': This function or variable may be unsafe. Consider using fscanf_s instead. To disable deprecation, use _CRT_SECURE_NO_WARNINGS. See online help for details.
  c:\program files (x86)\windows kits\10\include\10.0.15063.0\ucrt\stdio.h(1195): note: see declaration of 'fscanf'
c:\users\carlo\desktop\graficas\sistemasolar\cg_demo\source\glm.cpp(425): warning C4996: 'strdup': The POSIX name for this item is deprecated. Instead, use the ISO C and C++ conformant name: _strdup. See online help for details.
  c:\program files (x86)\windows kits\10\include\10.0.15063.0\ucrt\string.h(538): note: see declaration of 'strdup'
c:\users\carlo\desktop\graficas\sistemasolar\cg_demo\source\glm.cpp(430): warning C4996: 'sprintf': This function or variable may be unsafe. Consider using sprintf_s instead. To disable deprecation, use _CRT_SECURE_NO_WARNINGS. See online help for details.
  c:\program files (x86)\windows kits\10\include\10.0.15063.0\ucrt\stdio.h(1772): note: see declaration of 'sprintf'
c:\users\carlo\desktop\graficas\sistemasolar\cg_demo\source\glm.cpp(465): warning C4996: 'strcpy': This function or variable may be unsafe. Consider using strcpy_s instead. To disable deprecation, use _CRT_SECURE_NO_WARNINGS. See online help for details.
  c:\program files (x86)\windows kits\10\include\10.0.15063.0\ucrt\string.h(136): note: see declaration of 'strcpy'
c:\users\carlo\desktop\graficas\sistemasolar\cg_demo\source\glm.cpp(466): warning C4996: 'strcat': This function or variable may be unsafe. Consider using strcat_s instead. To disable deprecation, use _CRT_SECURE_NO_WARNINGS. See online help for details.
  c:\program files (x86)\windows kits\10\include\10.0.15063.0\ucrt\string.h(93): note: see declaration of 'strcat'
c:\users\carlo\desktop\graficas\sistemasolar\cg_demo\source\glm.cpp(470): warning C4996: 'fopen': This function or variable may be unsafe. Consider using fopen_s instead. To disable deprecation, use _CRT_SECURE_NO_WARNINGS. See online help for details.
  c:\program files (x86)\windows kits\10\include\10.0.15063.0\ucrt\stdio.h(207): note: see declaration of 'fopen'
c:\users\carlo\desktop\graficas\sistemasolar\cg_demo\source\glm.cpp(523): warning C4996: 'fscanf': This function or variable may be unsafe. Consider using fscanf_s instead. To disable deprecation, use _CRT_SECURE_NO_WARNINGS. See online help for details.
  c:\program files (x86)\windows kits\10\include\10.0.15063.0\ucrt\stdio.h(1195): note: see declaration of 'fscanf'
c:\users\carlo\desktop\graficas\sistemasolar\cg_demo\source\glm.cpp(554): warning C4996: 'sscanf': This function or variable may be unsafe. Consider using sscanf_s instead. To disable deprecation, use _CRT_SECURE_NO_WARNINGS. See online help for details.
  c:\program files (x86)\windows kits\10\include\10.0.15063.0\ucrt\stdio.h(2260): note: see declaration of 'sscanf'
c:\users\carlo\desktop\graficas\sistemasolar\cg_demo\source\glm.cpp(555): warning C4996: 'strdup': The POSIX name for this item is deprecated. Instead, use the ISO C and C++ conformant name: _strdup. See online help for details.
  c:\program files (x86)\windows kits\10\include\10.0.15063.0\ucrt\string.h(538): note: see declaration of 'strdup'
c:\users\carlo\desktop\graficas\sistemasolar\cg_demo\source\glm.cpp(574): warning C4996: 'fscanf': This function or variable may be unsafe. Consider using fscanf_s instead. To disable deprecation, use _CRT_SECURE_NO_WARNINGS. See online help for details.
  c:\program files (x86)\windows kits\10\include\10.0.15063.0\ucrt\stdio.h(1195): note: see declaration of 'fscanf'
c:\users\carlo\desktop\graficas\sistemasolar\cg_demo\source\glm.cpp(578): warning C4996: 'sscanf': This function or variable may be unsafe. Consider using sscanf_s instead. To disable deprecation, use _CRT_SECURE_NO_WARNINGS. See online help for details.
  c:\program files (x86)\windows kits\10\include\10.0.15063.0\ucrt\stdio.h(2260): note: see declaration of 'sscanf'
c:\users\carlo\desktop\graficas\sistemasolar\cg_demo\source\glm.cpp(579): warning C4996: 'fscanf': This function or variable may be unsafe. Consider using fscanf_s instead. To disable deprecation, use _CRT_SECURE_NO_WARNINGS. See online help for details.
  c:\program files (x86)\windows kits\10\include\10.0.15063.0\ucrt\stdio.h(1195): note: see declaration of 'fscanf'
c:\users\carlo\desktop\graficas\sistemasolar\cg_demo\source\glm.cpp(580): warning C4996: 'fscanf': This function or variable may be unsafe. Consider using fscanf_s instead. To disable deprecation, use _CRT_SECURE_NO_WARNINGS. See online help for details.
  c:\program files (x86)\windows kits\10\include\10.0.15063.0\ucrt\stdio.h(1195): note: see declaration of 'fscanf'
c:\users\carlo\desktop\graficas\sistemasolar\cg_demo\source\glm.cpp(583): warning C4996: 'fscanf': This function or variable may be unsafe. Consider using fscanf_s instead. To disable deprecation, use _CRT_SECURE_NO_WARNINGS. See online help for details.
  c:\program files (x86)\windows kits\10\include\10.0.15063.0\ucrt\stdio.h(1195): note: see declaration of 'fscanf'
c:\users\carlo\desktop\graficas\sistemasolar\cg_demo\source\glm.cpp(587): warning C4996: 'sscanf': This function or variable may be unsafe. Consider using sscanf_s instead. To disable deprecation, use _CRT_SECURE_NO_WARNINGS. See online help for details.
  c:\program files (x86)\windows kits\10\include\10.0.15063.0\ucrt\stdio.h(2260): note: see declaration of 'sscanf'
c:\users\carlo\desktop\graficas\sistemasolar\cg_demo\source\glm.cpp(589): warning C4996: 'fscanf': This function or variable may be unsafe. Consider using fscanf_s instead. To disable deprecation, use _CRT_SECURE_NO_WARNINGS. See online help for details.
  c:\program files (x86)\windows kits\10\include\10.0.15063.0\ucrt\stdio.h(1195): note: see declaration of 'fscanf'
c:\users\carlo\desktop\graficas\sistemasolar\cg_demo\source\glm.cpp(590): warning C4996: 'fscanf': This function or variable may be unsafe. Consider using fscanf_s instead. To disable deprecation, use _CRT_SECURE_NO_WARNINGS. See online help for details.
  c:\program files (x86)\windows kits\10\include\10.0.15063.0\ucrt\stdio.h(1195): note: see declaration of 'fscanf'
c:\users\carlo\desktop\graficas\sistemasolar\cg_demo\source\glm.cpp(593): warning C4996: 'fscanf': This function or variable may be unsafe. Consider using fscanf_s instead. To disable deprecation, use _CRT_SECURE_NO_WARNINGS. See online help for details.
  c:\program files (x86)\windows kits\10\include\10.0.15063.0\ucrt\stdio.h(1195): note: see declaration of 'fscanf'
c:\users\carlo\desktop\graficas\sistemasolar\cg_demo\source\glm.cpp(597): warning C4996: 'sscanf': This function or variable may be unsafe. Consider using sscanf_s instead. To disable deprecation, use _CRT_SECURE_NO_WARNINGS. See online help for details.
  c:\program files (x86)\windows kits\10\include\10.0.15063.0\ucrt\stdio.h(2260): note: see declaration of 'sscanf'
c:\users\carlo\desktop\graficas\sistemasolar\cg_demo\source\glm.cpp(599): warning C4996: 'fscanf': This function or variable may be unsafe. Consider using fscanf_s instead. To disable deprecation, use _CRT_SECURE_NO_WARNINGS. See online help for details.
  c:\program files (x86)\windows kits\10\include\10.0.15063.0\ucrt\stdio.h(1195): note: see declaration of 'fscanf'
c:\users\carlo\desktop\graficas\sistemasolar\cg_demo\source\glm.cpp(600): warning C4996: 'fscanf': This function or variable may be unsafe. Consider using fscanf_s instead. To disable deprecation, use _CRT_SECURE_NO_WARNINGS. See online help for details.
  c:\program files (x86)\windows kits\10\include\10.0.15063.0\ucrt\stdio.h(1195): note: see declaration of 'fscanf'
c:\users\carlo\desktop\graficas\sistemasolar\cg_demo\source\glm.cpp(603): warning C4996: 'fscanf': This function or variable may be unsafe. Consider using fscanf_s instead. To disable deprecation, use _CRT_SECURE_NO_WARNINGS. See online help for details.
  c:\program files (x86)\windows kits\10\include\10.0.15063.0\ucrt\stdio.h(1195): note: see declaration of 'fscanf'
c:\users\carlo\desktop\graficas\sistemasolar\cg_demo\source\glm.cpp(609): warning C4996: 'fscanf': This function or variable may be unsafe. Consider using fscanf_s instead. To disable deprecation, use _CRT_SECURE_NO_WARNINGS. See online help for details.
  c:\program files (x86)\windows kits\10\include\10.0.15063.0\ucrt\stdio.h(1195): note: see declaration of 'fscanf'
c:\users\carlo\desktop\graficas\sistemasolar\cg_demo\source\glm.cpp(610): warning C4996: 'fscanf': This function or variable may be unsafe. Consider using fscanf_s instead. To disable deprecation, use _CRT_SECURE_NO_WARNINGS. See online help for details.
  c:\program files (x86)\windows kits\10\include\10.0.15063.0\ucrt\stdio.h(1195): note: see declaration of 'fscanf'
c:\users\carlo\desktop\graficas\sistemasolar\cg_demo\source\glm.cpp(613): warning C4996: 'fscanf': This function or variable may be unsafe. Consider using fscanf_s instead. To disable deprecation, use _CRT_SECURE_NO_WARNINGS. See online help for details.
  c:\program files (x86)\windows kits\10\include\10.0.15063.0\ucrt\stdio.h(1195): note: see declaration of 'fscanf'
c:\users\carlo\desktop\graficas\sistemasolar\cg_demo\source\glm.cpp(692): warning C4244: 'initializing': conversion from 'float' to 'int', possible loss of data
c:\users\carlo\desktop\graficas\sistemasolar\cg_demo\source\glm.cpp(674): warning C4996: 'fscanf': This function or variable may be unsafe. Consider using fscanf_s instead. To disable deprecation, use _CRT_SECURE_NO_WARNINGS. See online help for details.
  c:\program files (x86)\windows kits\10\include\10.0.15063.0\ucrt\stdio.h(1195): note: see declaration of 'fscanf'
c:\users\carlo\desktop\graficas\sistemasolar\cg_demo\source\glm.cpp(683): warning C4996: 'fscanf': This function or variable may be unsafe. Consider using fscanf_s instead. To disable deprecation, use _CRT_SECURE_NO_WARNINGS. See online help for details.
  c:\program files (x86)\windows kits\10\include\10.0.15063.0\ucrt\stdio.h(1195): note: see declaration of 'fscanf'
c:\users\carlo\desktop\graficas\sistemasolar\cg_demo\source\glm.cpp(691): warning C4996: 'sprintf': This function or variable may be unsafe. Consider using sprintf_s instead. To disable deprecation, use _CRT_SECURE_NO_WARNINGS. See online help for details.
  c:\program files (x86)\windows kits\10\include\10.0.15063.0\ucrt\stdio.h(1772): note: see declaration of 'sprintf'
c:\users\carlo\desktop\graficas\sistemasolar\cg_demo\source\glm.cpp(697): warning C4996: 'fscanf': This function or variable may be unsafe. Consider using fscanf_s instead. To disable deprecation, use _CRT_SECURE_NO_WARNINGS. See online help for details.
  c:\program files (x86)\windows kits\10\include\10.0.15063.0\ucrt\stdio.h(1195): note: see declaration of 'fscanf'
c:\users\carlo\desktop\graficas\sistemasolar\cg_demo\source\glm.cpp(704): warning C4996: 'fscanf': This function or variable may be unsafe. Consider using fscanf_s instead. To disable deprecation, use _CRT_SECURE_NO_WARNINGS. See online help for details.
  c:\program files (x86)\windows kits\10\include\10.0.15063.0\ucrt\stdio.h(1195): note: see declaration of 'fscanf'
c:\users\carlo\desktop\graficas\sistemasolar\cg_demo\source\glm.cpp(713): warning C4996: 'sscanf': This function or variable may be unsafe. Consider using sscanf_s instead. To disable deprecation, use _CRT_SECURE_NO_WARNINGS. See online help for details.
  c:\program files (x86)\windows kits\10\include\10.0.15063.0\ucrt\stdio.h(2260): note: see declaration of 'sscanf'
c:\users\carlo\desktop\graficas\sistemasolar\cg_demo\source\glm.cpp(733): warning C4996: 'fscanf': This function or variable may be unsafe. Consider using fscanf_s instead. To disable deprecation, use _CRT_SECURE_NO_WARNINGS. See online help for details.
  c:\program files (x86)\windows kits\10\include\10.0.15063.0\ucrt\stdio.h(1195): note: see declaration of 'fscanf'
c:\users\carlo\desktop\graficas\sistemasolar\cg_demo\source\glm.cpp(737): warning C4996: 'sscanf': This function or variable may be unsafe. Consider using sscanf_s instead. To disable deprecation, use _CRT_SECURE_NO_WARNINGS. See online help for details.
  c:\program files (x86)\windows kits\10\include\10.0.15063.0\ucrt\stdio.h(2260): note: see declaration of 'sscanf'
c:\users\carlo\desktop\graficas\sistemasolar\cg_demo\source\glm.cpp(744): warning C4996: 'fscanf': This function or variable may be unsafe. Consider using fscanf_s instead. To disable deprecation, use _CRT_SECURE_NO_WARNINGS. See online help for details.
  c:\program files (x86)\windows kits\10\include\10.0.15063.0\ucrt\stdio.h(1195): note: see declaration of 'fscanf'
c:\users\carlo\desktop\graficas\sistemasolar\cg_demo\source\glm.cpp(747): warning C4996: 'fscanf': This function or variable may be unsafe. Consider using fscanf_s instead. To disable deprecation, use _CRT_SECURE_NO_WARNINGS. See online help for details.
  c:\program files (x86)\windows kits\10\include\10.0.15063.0\ucrt\stdio.h(1195): note: see declaration of 'fscanf'
c:\users\carlo\desktop\graficas\sistemasolar\cg_demo\source\glm.cpp(752): warning C4996: 'fscanf': This function or variable may be unsafe. Consider using fscanf_s instead. To disable deprecation, use _CRT_SECURE_NO_WARNINGS. See online help for details.
  c:\program files (x86)\windows kits\10\include\10.0.15063.0\ucrt\stdio.h(1195): note: see declaration of 'fscanf'
c:\users\carlo\desktop\graficas\sistemasolar\cg_demo\source\glm.cpp(762): warning C4996: 'sscanf': This function or variable may be unsafe. Consider using sscanf_s instead. To disable deprecation, use _CRT_SECURE_NO_WARNINGS. See online help for details.
  c:\program files (x86)\windows kits\10\include\10.0.15063.0\ucrt\stdio.h(2260): note: see declaration of 'sscanf'
c:\users\carlo\desktop\graficas\sistemasolar\cg_demo\source\glm.cpp(768): warning C4996: 'fscanf': This function or variable may be unsafe. Consider using fscanf_s instead. To disable deprecation, use _CRT_SECURE_NO_WARNINGS. See online help for details.
  c:\program files (x86)\windows kits\10\include\10.0.15063.0\ucrt\stdio.h(1195): note: see declaration of 'fscanf'
c:\users\carlo\desktop\graficas\sistemasolar\cg_demo\source\glm.cpp(772): warning C4996: 'fscanf': This function or variable may be unsafe. Consider using fscanf_s instead. To disable deprecation, use _CRT_SECURE_NO_WARNINGS. See online help for details.
  c:\program files (x86)\windows kits\10\include\10.0.15063.0\ucrt\stdio.h(1195): note: see declaration of 'fscanf'
c:\users\carlo\desktop\graficas\sistemasolar\cg_demo\source\glm.cpp(778): warning C4996: 'fscanf': This function or variable may be unsafe. Consider using fscanf_s instead. To disable deprecation, use _CRT_SECURE_NO_WARNINGS. See online help for details.
  c:\program files (x86)\windows kits\10\include\10.0.15063.0\ucrt\stdio.h(1195): note: see declaration of 'fscanf'
c:\users\carlo\desktop\graficas\sistemasolar\cg_demo\source\glm.cpp(792): warning C4996: 'sscanf': This function or variable may be unsafe. Consider using sscanf_s instead. To disable deprecation, use _CRT_SECURE_NO_WARNINGS. See online help for details.
  c:\program files (x86)\windows kits\10\include\10.0.15063.0\ucrt\stdio.h(2260): note: see declaration of 'sscanf'
c:\users\carlo\desktop\graficas\sistemasolar\cg_demo\source\glm.cpp(796): warning C4996: 'fscanf': This function or variable may be unsafe. Consider using fscanf_s instead. To disable deprecation, use _CRT_SECURE_NO_WARNINGS. See online help for details.
  c:\program files (x86)\windows kits\10\include\10.0.15063.0\ucrt\stdio.h(1195): note: see declaration of 'fscanf'
c:\users\carlo\desktop\graficas\sistemasolar\cg_demo\source\glm.cpp(799): warning C4996: 'fscanf': This function or variable may be unsafe. Consider using fscanf_s instead. To disable deprecation, use _CRT_SECURE_NO_WARNINGS. See online help for details.
  c:\program files (x86)\windows kits\10\include\10.0.15063.0\ucrt\stdio.h(1195): note: see declaration of 'fscanf'
c:\users\carlo\desktop\graficas\sistemasolar\cg_demo\source\glm.cpp(804): warning C4996: 'fscanf': This function or variable may be unsafe. Consider using fscanf_s instead. To disable deprecation, use _CRT_SECURE_NO_WARNINGS. See online help for details.
  c:\program files (x86)\windows kits\10\include\10.0.15063.0\ucrt\stdio.h(1195): note: see declaration of 'fscanf'
c:\users\carlo\desktop\graficas\sistemasolar\cg_demo\source\glm.cpp(818): warning C4996: 'sscanf': This function or variable may be unsafe. Consider using sscanf_s instead. To disable deprecation, use _CRT_SECURE_NO_WARNINGS. See online help for details.
  c:\program files (x86)\windows kits\10\include\10.0.15063.0\ucrt\stdio.h(2260): note: see declaration of 'sscanf'
c:\users\carlo\desktop\graficas\sistemasolar\cg_demo\source\glm.cpp(820): warning C4996: 'fscanf': This function or variable may be unsafe. Consider using fscanf_s instead. To disable deprecation, use _CRT_SECURE_NO_WARNINGS. See online help for details.
  c:\program files (x86)\windows kits\10\include\10.0.15063.0\ucrt\stdio.h(1195): note: see declaration of 'fscanf'
c:\users\carlo\desktop\graficas\sistemasolar\cg_demo\source\glm.cpp(822): warning C4996: 'fscanf': This function or variable may be unsafe. Consider using fscanf_s instead. To disable deprecation, use _CRT_SECURE_NO_WARNINGS. See online help for details.
  c:\program files (x86)\windows kits\10\include\10.0.15063.0\ucrt\stdio.h(1195): note: see declaration of 'fscanf'
c:\users\carlo\desktop\graficas\sistemasolar\cg_demo\source\glm.cpp(826): warning C4996: 'fscanf': This function or variable may be unsafe. Consider using fscanf_s instead. To disable deprecation, use _CRT_SECURE_NO_WARNINGS. See online help for details.
  c:\program files (x86)\windows kits\10\include\10.0.15063.0\ucrt\stdio.h(1195): note: see declaration of 'fscanf'
c:\users\carlo\desktop\graficas\sistemasolar\cg_demo\source\glm.cpp(901): warning C4244: '=': conversion from 'double' to 'GLfloat', possible loss of data
c:\users\carlo\desktop\graficas\sistemasolar\cg_demo\source\glm.cpp(902): warning C4244: '=': conversion from 'double' to 'GLfloat', possible loss of data
c:\users\carlo\desktop\graficas\sistemasolar\cg_demo\source\glm.cpp(903): warning C4244: '=': conversion from 'double' to 'GLfloat', possible loss of data
c:\users\carlo\desktop\graficas\sistemasolar\cg_demo\source\glm.cpp(906): warning C4244: '=': conversion from 'double' to 'GLfloat', possible loss of data
c:\users\carlo\desktop\graficas\sistemasolar\cg_demo\source\glm.cpp(1107): warning C4244: '=': conversion from 'double' to 'GLfloat', possible loss of data
c:\users\carlo\desktop\graficas\sistemasolar\cg_demo\source\glm.cpp(1264): warning C4244: '=': conversion from 'double' to 'GLfloat', possible loss of data
c:\users\carlo\desktop\graficas\sistemasolar\cg_demo\source\glm.cpp(1270): warning C4244: '=': conversion from 'double' to 'GLfloat', possible loss of data
c:\users\carlo\desktop\graficas\sistemasolar\cg_demo\source\glm.cpp(1271): warning C4244: '=': conversion from 'double' to 'GLfloat', possible loss of data
c:\users\carlo\desktop\graficas\sistemasolar\cg_demo\source\glm.cpp(1321): warning C4244: '=': conversion from 'double' to 'GLfloat', possible loss of data
c:\users\carlo\desktop\graficas\sistemasolar\cg_demo\source\glm.cpp(1322): warning C4244: '=': conversion from 'double' to 'GLfloat', possible loss of data
c:\users\carlo\desktop\graficas\sistemasolar\cg_demo\source\glm.cpp(1329): warning C4305: '=': truncation from 'double' to 'GLfloat'
c:\users\carlo\desktop\graficas\sistemasolar\cg_demo\source\glm.cpp(1331): warning C4244: '=': conversion from 'double' to 'GLfloat', possible loss of data
c:\users\carlo\desktop\graficas\sistemasolar\cg_demo\source\glm.cpp(1334): warning C4305: '=': truncation from 'double' to 'GLfloat'
c:\users\carlo\desktop\graficas\sistemasolar\cg_demo\source\glm.cpp(1336): warning C4244: '=': conversion from 'double' to 'GLfloat', possible loss of data
c:\users\carlo\desktop\graficas\sistemasolar\cg_demo\source\glm.cpp(1339): warning C4244: '=': conversion from 'double' to 'GLfloat', possible loss of data
c:\users\carlo\desktop\graficas\sistemasolar\cg_demo\source\glm.cpp(1340): warning C4244: '=': conversion from 'double' to 'GLfloat', possible loss of data
c:\users\carlo\desktop\graficas\sistemasolar\cg_demo\source\glm.cpp(1415): warning C4996: 'fopen': This function or variable may be unsafe. Consider using fopen_s instead. To disable deprecation, use _CRT_SECURE_NO_WARNINGS. See online help for details.
  c:\program files (x86)\windows kits\10\include\10.0.15063.0\ucrt\stdio.h(207): note: see declaration of 'fopen'
c:\users\carlo\desktop\graficas\sistemasolar\cg_demo\source\glm.cpp(1424): warning C4996: 'strdup': The POSIX name for this item is deprecated. Instead, use the ISO C and C++ conformant name: _strdup. See online help for details.
  c:\program files (x86)\windows kits\10\include\10.0.15063.0\ucrt\string.h(538): note: see declaration of 'strdup'
c:\users\carlo\desktop\graficas\sistemasolar\cg_demo\source\glm.cpp(1537): warning C4996: 'fopen': This function or variable may be unsafe. Consider using fopen_s instead. To disable deprecation, use _CRT_SECURE_NO_WARNINGS. See online help for details.
  c:\program files (x86)\windows kits\10\include\10.0.15063.0\ucrt\stdio.h(207): note: see declaration of 'fopen'
c:\users\carlo\desktop\graficas\sistemasolar\cg_demo\source\glm.cpp(1593): warning C4477: 'fprintf' : format string '%d' requires an argument of type 'int', but variadic argument 1 has type 'GLfloat *'
c:\users\carlo\desktop\graficas\sistemasolar\cg_demo\source\glm.cpp(1934): warning C4996: 'fopen': This function or variable may be unsafe. Consider using fopen_s instead. To disable deprecation, use _CRT_SECURE_NO_WARNINGS. See online help for details.
  c:\program files (x86)\windows kits\10\include\10.0.15063.0\ucrt\stdio.h(207): note: see declaration of 'fopen'
c:\users\carlo\desktop\graficas\sistemasolar\cg_demo\source\glm.cpp(1955): warning C4996: 'sscanf': This function or variable may be unsafe. Consider using sscanf_s instead. To disable deprecation, use _CRT_SECURE_NO_WARNINGS. See online help for details.
  c:\program files (x86)\windows kits\10\include\10.0.15063.0\ucrt\stdio.h(2260): note: see declaration of 'sscanf'
c:\users\carlo\desktop\graficas\sistemasolar\cg_demo\source\glm.cpp(1957): warning C4996: 'sscanf': This function or variable may be unsafe. Consider using sscanf_s instead. To disable deprecation, use _CRT_SECURE_NO_WARNINGS. See online help for details.
  c:\program files (x86)\windows kits\10\include\10.0.15063.0\ucrt\stdio.h(2260): note: see declaration of 'sscanf'
c:\users\carlo\desktop\graficas\sistemasolar\cg_demo\source\glm.cpp(1959): warning C4996: 'sscanf': This function or variable may be unsafe. Consider using sscanf_s instead. To disable deprecation, use _CRT_SECURE_NO_WARNINGS. See online help for details.
  c:\program files (x86)\windows kits\10\include\10.0.15063.0\ucrt\stdio.h(2260): note: see declaration of 'sscanf'
  cTexture.cpp
c:\users\carlo\desktop\graficas\sistemasolar\cg_demo\source\ctexture.cpp(13): warning C4996: 'fopen': This function or variable may be unsafe. Consider using fopen_s instead. To disable deprecation, use _CRT_SECURE_NO_WARNINGS. See online help for details.
  c:\program files (x86)\windows kits\10\include\10.0.15063.0\ucrt\stdio.h(207): note: see declaration of 'fopen'
  CG_Demo.cpp
c:\users\carlo\desktop\graficas\sistemasolar\cg_demo\source\cg_demo.cpp(57): warning C4996: 'sprintf': This function or variable may be unsafe. Consider using sprintf_s instead. To disable deprecation, use _CRT_SECURE_NO_WARNINGS. See online help for details.
  c:\program files (x86)\windows kits\10\include\10.0.15063.0\ucrt\stdio.h(1772): note: see declaration of 'sprintf'
c:\users\carlo\desktop\graficas\sistemasolar\cg_demo\source\cg_demo.cpp(104): warning C4305: 'argument': truncation from 'double' to 'GLclampf'
c:\users\carlo\desktop\graficas\sistemasolar\cg_demo\source\cg_demo.cpp(172): warning C4244: 'argument': conversion from 'double' to 'float', possible loss of data
c:\users\carlo\desktop\graficas\sistemasolar\cg_demo\source\cg_demo.cpp(173): warning C4244: 'argument': conversion from 'double' to 'float', possible loss of data
c:\users\carlo\desktop\graficas\sistemasolar\cg_demo\source\cg_demo.cpp(178): warning C4244: 'argument': conversion from 'double' to 'float', possible loss of data
c:\users\carlo\desktop\graficas\sistemasolar\cg_demo\source\cg_demo.cpp(179): warning C4244: 'argument': conversion from 'double' to 'float', possible loss of data
c:\users\carlo\desktop\graficas\sistemasolar\cg_demo\source\cg_demo.cpp(184): warning C4244: 'argument': conversion from 'double' to 'float', possible loss of data
c:\users\carlo\desktop\graficas\sistemasolar\cg_demo\source\cg_demo.cpp(185): warning C4244: 'argument': conversion from 'double' to 'float', possible loss of data
c:\users\carlo\desktop\graficas\sistemasolar\cg_demo\source\cg_demo.cpp(191): warning C4244: 'argument': conversion from 'double' to 'float', possible loss of data
c:\users\carlo\desktop\graficas\sistemasolar\cg_demo\source\cg_demo.cpp(192): warning C4244: 'argument': conversion from 'double' to 'float', possible loss of data
c:\users\carlo\desktop\graficas\sistemasolar\cg_demo\source\cg_demo.cpp(226): warning C4101: 'x1': unreferenced local variable
c:\users\carlo\desktop\graficas\sistemasolar\cg_demo\source\cg_demo.cpp(226): warning C4101: 'z1': unreferenced local variable
c:\users\carlo\desktop\graficas\sistemasolar\cg_demo\source\cg_demo.cpp(260): warning C4244: 'argument': conversion from 'time_t' to 'unsigned int', possible loss of data
  Camera.cpp
c:\users\carlo\desktop\graficas\sistemasolar\cg_demo\source\camera.cpp(140): warning C4244: '=': conversion from 'double' to 'float', possible loss of data
c:\users\carlo\desktop\graficas\sistemasolar\cg_demo\source\camera.cpp(157): warning C4244: '=': conversion from 'double' to 'float', possible loss of data
c:\users\carlo\desktop\graficas\sistemasolar\cg_demo\source\camera.cpp(159): warning C4244: '=': conversion from 'double' to 'float', possible loss of data
c:\users\carlo\desktop\graficas\sistemasolar\cg_demo\source\camera.cpp(161): warning C4244: '=': conversion from 'double' to 'float', possible loss of data
c:\users\carlo\desktop\graficas\sistemasolar\cg_demo\source\camera.cpp(162): warning C4244: '=': conversion from 'double' to 'float', possible loss of data
c:\users\carlo\desktop\graficas\sistemasolar\cg_demo\source\camera.cpp(189): warning C4244: '=': conversion from 'double' to 'float', possible loss of data
c:\users\carlo\desktop\graficas\sistemasolar\cg_demo\source\camera.cpp(230): warning C4244: '=': conversion from 'double' to 'float', possible loss of data
c:\users\carlo\desktop\graficas\sistemasolar\cg_demo\source\camera.cpp(258): warning C4244: '=': conversion from 'double' to 'float', possible loss of data
c:\users\carlo\desktop\graficas\sistemasolar\cg_demo\source\camera.cpp(442): warning C4244: '/=': conversion from 'double' to 'float', possible loss of data
c:\users\carlo\desktop\graficas\sistemasolar\cg_demo\source\camera.cpp(443): warning C4244: '/=': conversion from 'double' to 'float', possible loss of data
c:\users\carlo\desktop\graficas\sistemasolar\cg_demo\source\camera.cpp(444): warning C4244: '/=': conversion from 'double' to 'float', possible loss of data
  Generating Code...
  CG_Demo.vcxproj -> C:\Users\carlo\Desktop\graficas\sistemaSolar\Debug\CG_Demo.exe
  CG_Demo.vcxproj -> C:\Users\carlo\Desktop\graficas\sistemaSolar\Debug\CG_Demo.pdb (Partial PDB)
